<?xml version="1.0" encoding="UTF-8"?>
<!-- Generated by org.testng.reporters.JUnitReportReporter -->
<testsuite skipped="0" hostname="chenyun-PC" name="com.testng.series.TestShunxu" tests="2" failures="0" timestamp="02 三月 2020 15:20:52 GMT" time="0.015" errors="0">
  <testcase name="test2" time="0.003" classname="com.testng.series.TestShunxu"/>
  <testcase name="test1" time="0.012" classname="com.testng.series.TestShunxu"/>
</testsuite> <!-- com.testng.series.TestShunxu -->
