<?xml version="1.0" encoding="UTF-8"?>
<!-- Generated by org.testng.reporters.JUnitReportReporter -->
<testsuite skipped="0" hostname="chenyun-PC" name="com.testng.series.TestdependsOn" tests="3" failures="0" timestamp="02 三月 2020 15:35:43 GMT" time="0.030" errors="0">
  <testcase name="toPay" time="0.002" classname="com.testng.series.TestdependsOn"/>
  <testcase name="toLogin" time="0.022" classname="com.testng.series.TestdependsOn"/>
  <testcase name="toOrder" time="0.006" classname="com.testng.series.TestdependsOn"/>
</testsuite> <!-- com.testng.series.TestdependsOn -->
