<?xml version="1.0" encoding="UTF-8"?>
<!-- Generated by org.testng.reporters.JUnitReportReporter -->
<testsuite skipped="0" hostname="chenyun-PC" name="com.testng.series.NewTest" tests="1" failures="0" timestamp="03 三月 2020 05:35:52 GMT" time="0.014" errors="0">
  <testcase name="test1" time="0.014" classname="com.testng.series.NewTest"/>
</testsuite> <!-- com.testng.series.NewTest -->
