<?xml version="1.0" encoding="UTF-8"?>
<!-- Generated by org.testng.reporters.JUnitReportReporter -->
<testsuite skipped="1" hostname="chenyun-PC" name="com.testng.series.TestIgonre" tests="3" failures="0" timestamp="02 三月 2020 15:28:15 GMT" time="0.038" errors="0">
  <testcase name="test3" time="0.004" classname="com.testng.series.TestIgonre"/>
  <testcase name="test1" time="0.034" classname="com.testng.series.TestIgonre"/>
  <testcase name="test2" classname="com.testng.series.TestIgonre">
    <skipped/>
  </testcase> <!-- test2 -->
</testsuite> <!-- com.testng.series.TestIgonre -->
