<?xml version="1.0" encoding="UTF-8"?>
<!-- Generated by org.testng.reporters.JUnitReportReporter -->
<testsuite skipped="0" hostname="chenyun-PC" name="com.yy.youhua.GetCookise" tests="1" failures="0" timestamp="03 三月 2020 11:58:14 GMT" time="0.672" errors="0">
  <testcase name="testGet" time="0.672" classname="com.yy.youhua.GetCookise"/>
</testsuite> <!-- com.yy.youhua.GetCookise -->
