<?xml version="1.0" encoding="UTF-8"?>
<!-- Generated by org.testng.reporters.JUnitReportReporter -->
<testsuite skipped="0" hostname="chenyun-PC" name="com.lianxi.aa.TestHttp" tests="1" failures="0" timestamp="02 三月 2020 13:03:04 GMT" time="0.659" errors="0">
  <testcase name="httpGet" time="0.659" classname="com.lianxi.aa.TestHttp"/>
</testsuite> <!-- com.lianxi.aa.TestHttp -->
