<?xml version="1.0" encoding="UTF-8"?>
<!-- Generated by org.testng.reporters.JUnitReportReporter -->
<testsuite skipped="0" hostname="chenyun-PC" name="com.lianxi.aa.TestHelloWord" tests="1" failures="0" timestamp="02 三月 2020 11:30:08 GMT" time="0.053" errors="0">
  <testcase name="testSay" time="0.053" classname="com.lianxi.aa.TestHelloWord"/>
</testsuite> <!-- com.lianxi.aa.TestHelloWord -->
